1585995656495:help
1585995674622:Get temp
1585995686664:temp
1585995711699:Tomsk
1585995725706:temp
1585995730017:Tomsk
1585995774842:Save
1585995780849:save
1585995785852:Tomsk
1585995849068:save
1585995865076:Tomsk temp
1585995872081:temp
1585995894096:showWeather
1585995917132:help
1585995937136:temp
1585995957146:temp Tomsk
1585995971153:temp Moskow
1585996062160:temp Krasnoyarsk
1586189476692:help
1586189486659:London temp
1586189505680:temp london
1586189516693:save
1586189688943:help
1586189699940:temp London
1586189710946:save
1586189805628:help
1586189814626:temp London
1586189826702:save
1586248456358:help
1586248465356:temp London
1586248494370:save temp
1586248799791:help
1586248809787:temp
1586248826886:temp london
1586248847897:save weather
1586249371308:help
1586249379305:temp London
1586249387363:save
1586249488768:temp London
1586249496762:save
1586249535277:exit
1586253259328:help
1586253294798:temp London
1586253331902:London
1586253348921:London save
1586253362950:save London
1586253414035:tem Tomsk
1586253423073:temp Tomsk
1586253444078:save Tomsk
1586253598505:help
1586253611517:weather Tomsk
1586253653543:save Tomsk weather
1586253922693:save
1586253930680:Tomsk
1586253936684:save
1586253945709:temp Tomsk
1586253986739:showWeather
1586254098190:save
1586254105183:temp Tomsk
1586254114184:show
1586254127189:Tomsk
1586254136194:save
1586254190205:Tomsk
1586254199207:save
1586254207212:temp Tomsk
1586254217217:save
1586254431769:temp Tomsk
1586254473163:save
1586254532877:help
1586254539881:show
1586254553892:temp Tomsk
1586254570921:save
1586254581929:save temp Tomsk
1586254647251:save
1586254657270:temp London
1586254675400:save
1586254797879:temp Tomsk
1586254807939:save
1586254937982:temp Tomsk
1586254944980:save
1586255047118:stacktrace
1586255562027:save London
1586255579088:temp London
1586255591121:save London
1586255607137:save temp
1586255613137:save
1586255619140:return
1586255657434:save temp London
1586255666423:Tomsk
1586255678436:temp Tomsk
1586255700475:save Tomsk
1586256399639:save
1586256406632:temp Tomsk
1586256424657:save
1586280107985:temp Tomsk
1586280117978:save
1586281049627:temp Tomsk
1586281058714:save
1586281126263:temp Tomsk
1586281135266:save
1586281198055:temp Tomsk
1586281206095:save
1586281345676:temp Tomsk
1586281352679:save
1586283553780:temp Tomsk
1586283561773:save
1586283972276:temp Tonsk
1586283982372:temp Tomsk
1586283986371:save
1586284118409:temp Tomsk
1586284125411:save
1586284445930:temp Tomsk
1586284452946:save
1586285209222:temp
1586286101322:temp Tomsk
1586286109413:save
1586286159486:sve
1586286165492:temp London
1586286169493:save
1586287932345:temp Tomsk
1586287956361:temp London
1586287983435:save
1586287989437:Tomsk
1586287996440:temp Tomsk
1586288120875:temp Tomck
1586288134873:temp Tomsk
1586288156884:temp Krasnoyarsk
1586288482182:help
1586288493189:temp Tomsk
1586288606656:save
1586289115533:temp
1586289131552:temp Kranoyarsk
1586289142576:temp Tomsk
1586289154578:save
1586289551218:ыфму
1586289557213:save
1586289564217:temp Tomsk
1586289578242:save
1586289848723:temp Tomsk
1586289857772:save
1586290006760:temp Tomsk
1586290012752:save
1586290020754:show
1586290069031:temp London
1586290074030:save
1586290080069:show
1586290102096:temp Krasnodar
1586290107097:save
1586290113099:show
